<?xml version="1.0" encoding="UTF-8"?>
<!-- Generated by org.testng.reporters.JUnitReportReporter -->
<testsuite hostname="DESKTOP-6C4EDF3" failures="0" tests="1" name="tests.RestTests" time="2.313" errors="0" timestamp="2022-04-23T14:59:15 AEST" skipped="0">
  <testcase classname="tests.RestTests" name="getWeatherDetails" time="2.313"/>
  <system-out/>
</testsuite> <!-- tests.RestTests -->
