<?xml version="1.0" encoding="UTF-8"?>
<!-- Generated by org.testng.reporters.JUnitReportReporter -->
<testsuite hostname="DESKTOP-6C4EDF3" failures="0" tests="1" name="tests.BaseClass" time="0.004" errors="0" timestamp="2022-04-23T13:54:58 AEST" skipped="0">
  <testcase classname="tests.BaseClass" name="sampleTest" time="0.004"/>
  <system-out/>
</testsuite> <!-- tests.BaseClass -->
