<?xml version="1.0" encoding="UTF-8"?>
<!-- Generated by org.testng.reporters.JUnitReportReporter -->
<testsuite hostname="DESKTOP-6C4EDF3" failures="0" tests="1" name="tests.Tests" time="10.393" errors="0" timestamp="2022-04-23T14:04:06 AEST" skipped="0">
  <testcase classname="tests.Tests" name="testOne" time="10.393"/>
  <system-out/>
</testsuite> <!-- tests.Tests -->
